This is pdfTeX, Version 3.14159265-2.6-1.40.15 (TeX Live 2015/dev/Debian) (preloaded format=pdflatex 2015.10.14)  24 JAN 2016 20:06
entering extended mode
 restricted \write18 enabled.
 %&-line parsing enabled.
**report.tex
(./report.tex
LaTeX2e <2014/05/01>
Babel <3.9l> and hyphenation patterns for 5 languages loaded.
(/usr/share/texlive/texmf-dist/tex/latex/base/article.cls
Document Class: article 2014/09/29 v1.4h Standard LaTeX document class
(/usr/share/texlive/texmf-dist/tex/latex/base/size10.clo
File: size10.clo 2014/09/29 v1.4h Standard LaTeX file (size option)
)
\c@part=\count79
\c@section=\count80
\c@subsection=\count81
\c@subsubsection=\count82
\c@paragraph=\count83
\c@subparagraph=\count84
\c@figure=\count85
\c@table=\count86
\abovecaptionskip=\skip41
\belowcaptionskip=\skip42
\bibindent=\dimen102
)
(/usr/share/texlive/texmf-dist/tex/latex/amsmath/amsmath.sty
Package: amsmath 2013/01/14 v2.14 AMS math features
\@mathmargin=\skip43

For additional information on amsmath, use the `?' option.
(/usr/share/texlive/texmf-dist/tex/latex/amsmath/amstext.sty
Package: amstext 2000/06/29 v2.01

(/usr/share/texlive/texmf-dist/tex/latex/amsmath/amsgen.sty
File: amsgen.sty 1999/11/30 v2.0
\@emptytoks=\toks14
\ex@=\dimen103
))
(/usr/share/texlive/texmf-dist/tex/latex/amsmath/amsbsy.sty
Package: amsbsy 1999/11/29 v1.2d
\pmbraise@=\dimen104
)
(/usr/share/texlive/texmf-dist/tex/latex/amsmath/amsopn.sty
Package: amsopn 1999/12/14 v2.01 operator names
)
\inf@bad=\count87
LaTeX Info: Redefining \frac on input line 210.
\uproot@=\count88
\leftroot@=\count89
LaTeX Info: Redefining \overline on input line 306.
\classnum@=\count90
\DOTSCASE@=\count91
LaTeX Info: Redefining \ldots on input line 378.
LaTeX Info: Redefining \dots on input line 381.
LaTeX Info: Redefining \cdots on input line 466.
\Mathstrutbox@=\box26
\strutbox@=\box27
\big@size=\dimen105
LaTeX Font Info:    Redeclaring font encoding OML on input line 566.
LaTeX Font Info:    Redeclaring font encoding OMS on input line 567.
\macc@depth=\count92
\c@MaxMatrixCols=\count93
\dotsspace@=\muskip10
\c@parentequation=\count94
\dspbrk@lvl=\count95
\tag@help=\toks15
\row@=\count96
\column@=\count97
\maxfields@=\count98
\andhelp@=\toks16
\eqnshift@=\dimen106
\alignsep@=\dimen107
\tagshift@=\dimen108
\tagwidth@=\dimen109
\totwidth@=\dimen110
\lineht@=\dimen111
\@envbody=\toks17
\multlinegap=\skip44
\multlinetaggap=\skip45
\mathdisplay@stack=\toks18
LaTeX Info: Redefining \[ on input line 2665.
LaTeX Info: Redefining \] on input line 2666.
)
(/usr/share/texlive/texmf-dist/tex/latex/base/ifthen.sty
Package: ifthen 2014/09/29 v1.1c Standard LaTeX ifthen package (DPC)
)
(/usr/share/texlive/texmf-dist/tex/latex/xcolor/xcolor.sty
Package: xcolor 2007/01/21 v2.11 LaTeX color extensions (UK)

(/usr/share/texlive/texmf-dist/tex/latex/latexconfig/color.cfg
File: color.cfg 2007/01/18 v1.5 color configuration of teTeX/TeXLive
)
Package xcolor Info: Driver file: pdftex.def on input line 225.

(/usr/share/texlive/texmf-dist/tex/latex/pdftex-def/pdftex.def
File: pdftex.def 2011/05/27 v0.06d Graphics/color for pdfTeX

(/usr/share/texlive/texmf-dist/tex/generic/oberdiek/infwarerr.sty
Package: infwarerr 2010/04/08 v1.3 Providing info/warning/error messages (HO)
)
(/usr/share/texlive/texmf-dist/tex/generic/oberdiek/ltxcmds.sty
Package: ltxcmds 2011/11/09 v1.22 LaTeX kernel commands for general use (HO)
)
\Gread@gobject=\count99
)
Package xcolor Info: Model `cmy' substituted by `cmy0' on input line 1337.
Package xcolor Info: Model `hsb' substituted by `rgb' on input line 1341.
Package xcolor Info: Model `RGB' extended on input line 1353.
Package xcolor Info: Model `HTML' substituted by `rgb' on input line 1355.
Package xcolor Info: Model `Hsb' substituted by `hsb' on input line 1356.
Package xcolor Info: Model `tHsb' substituted by `hsb' on input line 1357.
Package xcolor Info: Model `HSB' substituted by `hsb' on input line 1358.
Package xcolor Info: Model `Gray' substituted by `gray' on input line 1359.
Package xcolor Info: Model `wave' substituted by `hsb' on input line 1360.
)
\tabcont=\skip46

(/usr/share/texlive/texmf-dist/tex/latex/listings/listings.sty
(/usr/share/texlive/texmf-dist/tex/latex/graphics/keyval.sty
Package: keyval 2014/05/08 v1.15 key=value parser (DPC)
\KV@toks@=\toks19
)
\lst@mode=\count100
\lst@gtempboxa=\box28
\lst@token=\toks20
\lst@length=\count101
\lst@currlwidth=\dimen112
\lst@column=\count102
\lst@pos=\count103
\lst@lostspace=\dimen113
\lst@width=\dimen114
\lst@newlines=\count104
\lst@lineno=\count105
\lst@maxwidth=\dimen115

(/usr/share/texlive/texmf-dist/tex/latex/listings/lstmisc.sty
File: lstmisc.sty 2014/09/06 1.5e (Carsten Heinz)
\c@lstnumber=\count106
\lst@skipnumbers=\count107
\lst@framebox=\box29
)
(/usr/share/texlive/texmf-dist/tex/latex/listings/listings.cfg
File: listings.cfg 2014/09/06 1.5e listings configuration
))
Package: listings 2014/09/06 1.5e (Carsten Heinz)

(/usr/share/texlive/texmf-dist/tex/latex/graphics/graphicx.sty
Package: graphicx 2014/04/25 v1.0g Enhanced LaTeX Graphics (DPC,SPQR)

(/usr/share/texlive/texmf-dist/tex/latex/graphics/graphics.sty
Package: graphics 2009/02/05 v1.0o Standard LaTeX Graphics (DPC,SPQR)

(/usr/share/texlive/texmf-dist/tex/latex/graphics/trig.sty
Package: trig 1999/03/16 v1.09 sin cos tan (DPC)
)
(/usr/share/texlive/texmf-dist/tex/latex/latexconfig/graphics.cfg
File: graphics.cfg 2010/04/23 v1.9 graphics configuration of TeX Live
)
Package graphics Info: Driver file: pdftex.def on input line 91.
)
\Gin@req@height=\dimen116
\Gin@req@width=\dimen117
)
(/usr/share/texlive/texmf-dist/tex/latex/amsfonts/amssymb.sty
Package: amssymb 2013/01/14 v3.01 AMS font symbols

(/usr/share/texlive/texmf-dist/tex/latex/amsfonts/amsfonts.sty
Package: amsfonts 2013/01/14 v3.01 Basic AMSFonts support
\symAMSa=\mathgroup4
\symAMSb=\mathgroup5
LaTeX Font Info:    Overwriting math alphabet `\mathfrak' in version `bold'
(Font)                  U/euf/m/n --> U/euf/b/n on input line 106.
))
(/usr/share/texlive/texmf-dist/tex/latex/listings/lstlang1.sty
File: lstlang1.sty 2014/09/06 1.5e listings language file
) (./report.aux)
\openout1 = `report.aux'.

LaTeX Font Info:    Checking defaults for OML/cmm/m/it on input line 47.
LaTeX Font Info:    ... okay on input line 47.
LaTeX Font Info:    Checking defaults for T1/cmr/m/n on input line 47.
LaTeX Font Info:    ... okay on input line 47.
LaTeX Font Info:    Checking defaults for OT1/cmr/m/n on input line 47.
LaTeX Font Info:    ... okay on input line 47.
LaTeX Font Info:    Checking defaults for OMS/cmsy/m/n on input line 47.
LaTeX Font Info:    ... okay on input line 47.
LaTeX Font Info:    Checking defaults for OMX/cmex/m/n on input line 47.
LaTeX Font Info:    ... okay on input line 47.
LaTeX Font Info:    Checking defaults for U/cmr/m/n on input line 47.
LaTeX Font Info:    ... okay on input line 47.

(/usr/share/texlive/texmf-dist/tex/context/base/supp-pdf.mkii
[Loading MPS to PDF converter (version 2006.09.02).]
\scratchcounter=\count108
\scratchdimen=\dimen118
\scratchbox=\box30
\nofMPsegments=\count109
\nofMParguments=\count110
\everyMPshowfont=\toks21
\MPscratchCnt=\count111
\MPscratchDim=\dimen119
\MPnumerator=\count112
\makeMPintoPDFobject=\count113
\everyMPtoPDFconversion=\toks22
)
\c@lstlisting=\count114
 (/usr/share/texlive/texmf-dist/tex/generic/oberdiek/pdftexcmds.sty
Package: pdftexcmds 2011/11/29 v0.20 Utility functions of pdfTeX for LuaTeX (HO
)

(/usr/share/texlive/texmf-dist/tex/generic/oberdiek/ifluatex.sty
Package: ifluatex 2010/03/01 v1.3 Provides the ifluatex switch (HO)
Package ifluatex Info: LuaTeX not detected.
)
(/usr/share/texlive/texmf-dist/tex/generic/oberdiek/ifpdf.sty
Package: ifpdf 2011/01/30 v2.3 Provides the ifpdf switch (HO)
Package ifpdf Info: pdfTeX in PDF mode is detected.
)
Package pdftexcmds Info: LuaTeX not detected.
Package pdftexcmds Info: \pdf@primitive is available.
Package pdftexcmds Info: \pdf@ifprimitive is available.
Package pdftexcmds Info: \pdfdraftmode found.
)
(/usr/share/texlive/texmf-dist/tex/latex/oberdiek/epstopdf-base.sty
Package: epstopdf-base 2010/02/09 v2.5 Base part for package epstopdf

(/usr/share/texlive/texmf-dist/tex/latex/oberdiek/grfext.sty
Package: grfext 2010/08/19 v1.1 Manage graphics extensions (HO)

(/usr/share/texlive/texmf-dist/tex/generic/oberdiek/kvdefinekeys.sty
Package: kvdefinekeys 2011/04/07 v1.3 Define keys (HO)
))
(/usr/share/texlive/texmf-dist/tex/latex/oberdiek/kvoptions.sty
Package: kvoptions 2011/06/30 v3.11 Key value format for package options (HO)

(/usr/share/texlive/texmf-dist/tex/generic/oberdiek/kvsetkeys.sty
Package: kvsetkeys 2012/04/25 v1.16 Key value parser (HO)

(/usr/share/texlive/texmf-dist/tex/generic/oberdiek/etexcmds.sty
Package: etexcmds 2011/02/16 v1.5 Avoid name clashes with e-TeX commands (HO)
Package etexcmds Info: Could not find \expanded.
(etexcmds)             That can mean that you are not using pdfTeX 1.50 or
(etexcmds)             that some package has redefined \expanded.
(etexcmds)             In the latter case, load this package earlier.
)))
Package grfext Info: Graphics extension search list:
(grfext)             [.png,.pdf,.jpg,.mps,.jpeg,.jbig2,.jb2,.PNG,.PDF,.JPG,.JPE
G,.JBIG2,.JB2,.eps]
(grfext)             \AppendGraphicsExtensions on input line 452.

(/usr/share/texlive/texmf-dist/tex/latex/latexconfig/epstopdf-sys.cfg
File: epstopdf-sys.cfg 2010/07/13 v1.3 Configuration of (r)epstopdf for TeX Liv
e
))
LaTeX Font Info:    Try loading font information for U+msa on input line 49.

(/usr/share/texlive/texmf-dist/tex/latex/amsfonts/umsa.fd
File: umsa.fd 2013/01/14 v3.01 AMS symbols A
)
LaTeX Font Info:    Try loading font information for U+msb on input line 49.

(/usr/share/texlive/texmf-dist/tex/latex/amsfonts/umsb.fd
File: umsb.fd 2013/01/14 v3.01 AMS symbols B
) [1

{/var/lib/texmf/fonts/map/pdftex/updmap/pdftex.map}]
LaTeX Font Info:    Try loading font information for OMS+cmr on input line 59.

(/usr/share/texlive/texmf-dist/tex/latex/base/omscmr.fd
File: omscmr.fd 2014/09/29 v2.5h Standard LaTeX font definitions
)
LaTeX Font Info:    Font shape `OMS/cmr/m/n' in size <10> not available
(Font)              Font shape `OMS/cmsy/m/n' tried instead on input line 59.

Underfull \hbox (badness 10000) in paragraph at lines 66--66
[][]\OT1/cmr/m/n/8 Nolan J. P., "Sta-ble Dis-tri-bu-tions. Mod-els for Heavy Ta
iled Data",
 []

[1]
Underfull \hbox (badness 10000) in paragraph at lines 91--92

 []


Underfull \hbox (badness 10000) in paragraph at lines 111--112

 []

[2] <gauss_cauchy_levy.png, id=26, 1096.898pt x 505.89pt>
File: gauss_cauchy_levy.png Graphic file (type png)

<use gauss_cauchy_levy.png>
Package pdftex.def Info: gauss_cauchy_levy.png used on input line 131.
(pdftex.def)             Requested size: 586.49895pt x 270.49794pt.
 [3 <./gauss_cauchy_levy.png (PNG copy)>]
<stable_param_alpha.png, id=30, 1096.898pt x 505.89pt>
File: stable_param_alpha.png Graphic file (type png)

<use stable_param_alpha.png>
Package pdftex.def Info: stable_param_alpha.png used on input line 143.
(pdftex.def)             Requested size: 517.5pt x 238.67148pt.

<stable_param_beta13.png, id=31, 1096.898pt x 505.89pt>
File: stable_param_beta13.png Graphic file (type png)

<use stable_param_beta13.png>
Package pdftex.def Info: stable_param_beta13.png used on input line 153.
(pdftex.def)             Requested size: 517.5pt x 238.67148pt.


LaTeX Warning: `h' float specifier changed to `ht'.

[4 <./stable_param_alpha.png (PNG copy)>]
<stable_param_beta10.png, id=35, 1096.898pt x 505.89pt>
File: stable_param_beta10.png Graphic file (type png)

<use stable_param_beta10.png>
Package pdftex.def Info: stable_param_beta10.png used on input line 160.
(pdftex.def)             Requested size: 517.5pt x 238.67148pt.


LaTeX Warning: `h' float specifier changed to `ht'.

<stable_param_beta07.png, id=36, 1096.898pt x 505.89pt>
File: stable_param_beta07.png Graphic file (type png)

<use stable_param_beta07.png>
Package pdftex.def Info: stable_param_beta07.png used on input line 166.
(pdftex.def)             Requested size: 517.5pt x 238.67148pt.


LaTeX Warning: `h' float specifier changed to `ht'.

[5 <./stable_param_beta13.png (PNG copy)>] [6 <./stable_param_beta10.png (PNG c
opy)> <./stable_param_beta07.png (PNG copy)>]
<stable_param_sigma.png, id=44, 1096.898pt x 505.89pt>
File: stable_param_sigma.png Graphic file (type png)

<use stable_param_sigma.png>
Package pdftex.def Info: stable_param_sigma.png used on input line 177.
(pdftex.def)             Requested size: 413.99895pt x 190.93564pt.
 [7

 <./stable_param_sigma.png (PNG copy)>]
<stable_param_mu.png, id=48, 1096.898pt x 505.89pt>
File: stable_param_mu.png Graphic file (type png)
 <use stable_param_mu.png>
Package pdftex.def Info: stable_param_mu.png used on input line 183.
(pdftex.def)             Requested size: 413.99895pt x 190.93564pt.

[8 <./stable_param_mu.png (PNG copy)>]
Overfull \hbox (0.9837pt too wide) in paragraph at lines 213--214
\OT1/cmr/m/n/10 Values com-puted ac-cord-ing to for-mula above are as fol-lows:
 $\OML/cmm/m/it/10 sigma \OT1/cmr/m/n/10 = 0\OML/cmm/m/it/10 :\OT1/cmr/m/n/10 6
025\OML/cmm/m/it/10 ; ^^L \OT1/cmr/m/n/10 =
 []

[9] <stablesubordin.png, id=56, 411.136pt x 308.352pt>
File: stablesubordin.png Graphic file (type png)

<use stablesubordin.png>
Package pdftex.def Info: stablesubordin.png used on input line 261.
(pdftex.def)             Requested size: 413.99895pt x 310.50615pt.
 [10 <./stablesubordin.png (PNG copy)>]
<multi_contour1.png, id=61, 556.479pt x 525.162pt>
File: multi_contour1.png Graphic file (type png)
 <use multi_contour1.png>
Package pdftex.def Info: multi_contour1.png used on input line 309.
(pdftex.def)             Requested size: 258.75pt x 244.18979pt.

<multi_contour2.png, id=62, 526.768pt x 501.072pt>
File: multi_contour2.png Graphic file (type png)
 <use multi_contour2.png>
Package pdftex.def Info: multi_contour2.png used on input line 314.
(pdftex.def)             Requested size: 258.75pt x 246.13144pt.


LaTeX Warning: `h' float specifier changed to `ht'.


LaTeX Warning: `h' float specifier changed to `ht'.

[11] [12 <./multi_contour1.png (PNG copy)> <./multi_contour2.png (PNG copy)>]
Underfull \hbox (badness 10000) in paragraph at lines 325--328

 []

<levymotion_sample.png, id=73, 1096.898pt x 505.89pt>
File: levymotion_sample.png Graphic file (type png)

<use levymotion_sample.png>
Package pdftex.def Info: levymotion_sample.png used on input line 342.
(pdftex.def)             Requested size: 345.0pt x 159.11688pt.
 [13

 <./levymotion_sample.png (PNG copy)>]
<levymotion_quantiles.png, id=78, 1096.898pt x 505.89pt>
File: levymotion_quantiles.png Graphic file (type png)

<use levymotion_quantiles.png>
Package pdftex.def Info: levymotion_quantiles.png used on input line 359.
(pdftex.def)             Requested size: 517.5pt x 238.67148pt.

Underfull \hbox (badness 10000) in paragraph at lines 370--373

 []

[14 <./levymotion_quantiles.png (PNG copy)>]
<qlines_stable.png, id=83, 1096.898pt x 505.89pt>
File: qlines_stable.png Graphic file (type png)
 <use qlines_stable.png>
Package pdftex.def Info: qlines_stable.png used on input line 375.
(pdftex.def)             Requested size: 517.5pt x 238.67148pt.

<qlines_OU.png, id=84, 1096.898pt x 505.89pt>
File: qlines_OU.png Graphic file (type png)
 <use qlines_OU.png>
Package pdftex.def Info: qlines_OU.png used on input line 382.
(pdftex.def)             Requested size: 517.5pt x 238.67148pt.


LaTeX Warning: `h' float specifier changed to `ht'.

[15 <./qlines_stable.png (PNG copy)>] <fbm2.png, id=88, 411.136pt x 308.352pt>
File: fbm2.png Graphic file (type png)

<use fbm2.png>
Package pdftex.def Info: fbm2.png used on input line 397.
(pdftex.def)             Requested size: 310.4979pt x 232.87726pt.


LaTeX Warning: `h' float specifier changed to `ht'.

<autocorr.png, id=89, 411.136pt x 308.352pt>
File: autocorr.png Graphic file (type png)
 <use autocorr.png>
Package pdftex.def Info: autocorr.png used on input line 403.
(pdftex.def)             Requested size: 310.4979pt x 232.87726pt.


LaTeX Warning: `h' float specifier changed to `ht'.

[16 <./qlines_OU.png (PNG copy)>] [17 <./fbm2.png (PNG copy)> <./autocorr.png (
PNG copy)>] <alpha_est_boxplot.png, id=96, 1096.898pt x 505.89pt>
File: alpha_est_boxplot.png Graphic file (type png)

<use alpha_est_boxplot.png>
Package pdftex.def Info: alpha_est_boxplot.png used on input line 422.
(pdftex.def)             Requested size: 448.50105pt x 206.85272pt.
 <alpha_est_MSE.png, id=97, 411.136pt x 307.549pt>
File: alpha_est_MSE.png Graphic file (type png)

<use alpha_est_MSE.png>
Package pdftex.def Info: alpha_est_MSE.png used on input line 428.
(pdftex.def)             Requested size: 379.5021pt x 283.89175pt.


LaTeX Warning: `h' float specifier changed to `ht'.

[18

 <./alpha_est_boxplot.png (PNG copy)>]
<h_est_boxplot.png, id=103, 411.136pt x 308.352pt>
File: h_est_boxplot.png Graphic file (type png)
 <use h_est_boxplot.png>
Package pdftex.def Info: h_est_boxplot.png used on input line 447.
(pdftex.def)             Requested size: 327.74895pt x 245.8162pt.


LaTeX Warning: `h' float specifier changed to `ht'.

<h_est_mse.png, id=104, 411.136pt x 308.352pt>
File: h_est_mse.png Graphic file (type png)
 <use h_est_mse.png>
Package pdftex.def Info: h_est_mse.png used on input line 453.
(pdftex.def)             Requested size: 327.74895pt x 245.8162pt.


LaTeX Warning: `h' float specifier changed to `ht'.

[19 <./alpha_est_MSE.png (PNG copy)>] [20 <./h_est_boxplot.png (PNG copy)> <./h
_est_mse.png (PNG copy)>] [21

] (./report.aux) ) 
Here is how much of TeX's memory you used:
 4863 strings out of 494944
 64544 string characters out of 6179432
 174399 words of memory out of 5000000
 8005 multiletter control sequences out of 15000+600000
 13555 words of font info for 52 fonts, out of 8000000 for 9000
 56 hyphenation exceptions out of 8191
 37i,9n,40p,508b,1484s stack positions out of 5000i,500n,10000p,200000b,80000s
</usr/share/texlive/texmf-dist/fonts/type1/public/amsfonts/cm
/cmbx10.pfb></usr/share/texlive/texmf-dist/fonts/type1/public/amsfonts/cm/cmbx1
2.pfb></usr/share/texlive/texmf-dist/fonts/type1/public/amsfonts/cm/cmbx5.pfb><
/usr/share/texlive/texmf-dist/fonts/type1/public/amsfonts/cm/cmbx7.pfb></usr/sh
are/texlive/texmf-dist/fonts/type1/public/amsfonts/cm/cmex10.pfb></usr/share/te
xlive/texmf-dist/fonts/type1/public/amsfonts/cm/cmmi10.pfb></usr/share/texlive/
texmf-dist/fonts/type1/public/amsfonts/cm/cmmi12.pfb></usr/share/texlive/texmf-
dist/fonts/type1/public/amsfonts/cm/cmmi5.pfb></usr/share/texlive/texmf-dist/fo
nts/type1/public/amsfonts/cm/cmmi7.pfb></usr/share/texlive/texmf-dist/fonts/typ
e1/public/amsfonts/cm/cmr10.pfb></usr/share/texlive/texmf-dist/fonts/type1/publ
ic/amsfonts/cm/cmr12.pfb></usr/share/texlive/texmf-dist/fonts/type1/public/amsf
onts/cm/cmr17.pfb></usr/share/texlive/texmf-dist/fonts/type1/public/amsfonts/cm
/cmr5.pfb></usr/share/texlive/texmf-dist/fonts/type1/public/amsfonts/cm/cmr6.pf
b></usr/share/texlive/texmf-dist/fonts/type1/public/amsfonts/cm/cmr7.pfb></usr/
share/texlive/texmf-dist/fonts/type1/public/amsfonts/cm/cmr8.pfb></usr/share/te
xlive/texmf-dist/fonts/type1/public/amsfonts/cm/cmsy10.pfb></usr/share/texlive/
texmf-dist/fonts/type1/public/amsfonts/cm/cmsy5.pfb></usr/share/texlive/texmf-d
ist/fonts/type1/public/amsfonts/cm/cmsy7.pfb></usr/share/texlive/texmf-dist/fon
ts/type1/public/amsfonts/cm/cmti10.pfb></usr/share/texlive/texmf-dist/fonts/typ
e1/public/amsfonts/cm/cmtt9.pfb></usr/share/texlive/texmf-dist/fonts/type1/publ
ic/amsfonts/symbols/msbm10.pfb>
Output written on report.pdf (22 pages, 530536 bytes).
PDF statistics:
 184 PDF objects out of 1000 (max. 8388607)
 116 compressed objects within 2 object streams
 0 named destinations out of 1000 (max. 500000)
 101 words of extra memory for PDF output out of 10000 (max. 10000000)

